<?xml version="1.0" encoding="UTF-8"?>
<!-- Generated by org.testng.reporters.JUnitXMLReporter -->
<testsuite hostname="WINDOWS-N0Q5TOC" ignored="0" name="Command line test" tests="2" failures="0" timestamp="2023-10-14T06:51:27 EDT" time="30.464" errors="0">
  <testcase name="loginWithCorrectCredentialsTest" time="8.508" classname="Automation.WebAuto.LoginTest"/>
  <testcase name="loginWithIncorrectPasswordTest" time="8.506" classname="Automation.WebAuto.NegativeLoginTest"/>
</testsuite> <!-- Command line test -->
