<?xml version="1.0" encoding="UTF-8"?>
<testng-results ignored="0" total="1" passed="1" failed="0" skipped="0">
  <reporter-output>
  </reporter-output>
  <suite started-at="2023-10-19T18:09:43 CDT" name="Default suite" finished-at="2023-10-19T18:09:52 CDT" duration-ms="9342">
    <groups>
    </groups>
    <test started-at="2023-10-19T18:09:43 CDT" name="Default test" finished-at="2023-10-19T18:09:52 CDT" duration-ms="9342">
      <class name="Automation.WebAuto.NewWebTest">
        <test-method is-config="true" signature="setUp()[pri:0, instance:Automation.WebAuto.NewWebTest@50a638b5]" started-at="2023-10-19T18:09:43 CDT" name="setUp" finished-at="2023-10-19T18:09:50 CDT" duration-ms="7120" status="PASS">
          <reporter-output>
          </reporter-output>
        </test-method> <!-- setUp -->
        <test-method signature="loginWithIncorrectPasswordTest()[pri:0, instance:Automation.WebAuto.NewWebTest@50a638b5]" started-at="2023-10-19T18:09:50 CDT" name="loginWithIncorrectPasswordTest" finished-at="2023-10-19T18:09:50 CDT" duration-ms="4" status="PASS">
          <reporter-output>
          </reporter-output>
        </test-method> <!-- loginWithIncorrectPasswordTest -->
        <test-method is-config="true" signature="tearDown()[pri:0, instance:Automation.WebAuto.NewWebTest@50a638b5]" started-at="2023-10-19T18:09:50 CDT" name="tearDown" finished-at="2023-10-19T18:09:52 CDT" duration-ms="2182" status="PASS">
          <reporter-output>
          </reporter-output>
        </test-method> <!-- tearDown -->
      </class> <!-- Automation.WebAuto.NewWebTest -->
    </test> <!-- Default test -->
  </suite> <!-- Default suite -->
</testng-results>
